Flow report for miner_tb
Wed Oct 29 19:49:38 2014
Quartus II 64-Bit Version 14.0.0 Build 200 06/17/2014 SJ Web Edition


---------------------
; Table of Contents ;
---------------------
  1. Legal Notice
  2. Flow Summary
  3. Flow Settings
  4. Flow Non-Default Global Settings
  5. Flow Elapsed Time
  6. Flow OS Summary
  7. Flow Log
  8. Flow Messages
  9. Flow Suppressed Messages



----------------
; Legal Notice ;
----------------
Copyright (C) 1991-2014 Altera Corporation. All rights reserved.
Your use of Altera Corporation's design tools, logic functions 
and other software and tools, and its AMPP partner logic 
functions, and any output files from any of the foregoing 
(including device programming or simulation files), and any 
associated documentation or information are expressly subject 
to the terms and conditions of the Altera Program License 
Subscription Agreement, the Altera Quartus II License Agreement,
the Altera MegaCore Function License Agreement, or other 
applicable license agreement, including, without limitation, 
that your use is for the sole purpose of programming logic 
devices manufactured by Altera and sold by Altera or its 
authorized distributors.  Please refer to the applicable 
agreement for further details.



+---------------------------------------------------------------------------------+
; Flow Summary                                                                    ;
+------------------------------------+--------------------------------------------+
; Flow Status                        ; Successful - Wed Oct 29 19:49:38 2014      ;
; Quartus II 64-Bit Version          ; 14.0.0 Build 200 06/17/2014 SJ Web Edition ;
; Revision Name                      ; miner_tb                                   ;
; Top-level Entity Name              ; core_flattened                             ;
; Family                             ; Cyclone IV E                               ;
; Device                             ; EP4CE40F29C6                               ;
; Timing Models                      ; Final                                      ;
; Total logic elements               ; 4,909 / 39,600 ( 12 % )                    ;
;     Total combinational functions  ; 4,100 / 39,600 ( 10 % )                    ;
;     Dedicated logic registers      ; 2,086 / 39,600 ( 5 % )                     ;
; Total registers                    ; 2086                                       ;
; Total pins                         ; 272 / 533 ( 51 % )                         ;
; Total virtual pins                 ; 0                                          ;
; Total memory bits                  ; 16,384 / 1,161,216 ( 1 % )                 ;
; Embedded Multiplier 9-bit elements ; 0 / 232 ( 0 % )                            ;
; Total PLLs                         ; 0 / 4 ( 0 % )                              ;
+------------------------------------+--------------------------------------------+


+-----------------------------------------+
; Flow Settings                           ;
+-------------------+---------------------+
; Option            ; Setting             ;
+-------------------+---------------------+
; Start date & time ; 10/29/2014 19:26:46 ;
; Main task         ; Compilation         ;
; Revision Name     ; miner_tb            ;
+-------------------+---------------------+


+-------------------------------------------------------------------------------------------------------------------------+
; Flow Non-Default Global Settings                                                                                        ;
+-------------------------------------+---------------------------------+---------------+----------------+----------------+
; Assignment Name                     ; Value                           ; Default Value ; Entity Name    ; Section Id     ;
+-------------------------------------+---------------------------------+---------------+----------------+----------------+
; COMPILER_SIGNATURE_ID               ; 8796748283522.141463600602244   ; --            ; --             ; --             ;
; EDA_OUTPUT_DATA_FORMAT              ; Systemverilog Hdl               ; --            ; --             ; eda_simulation ;
; EDA_SIMULATION_TOOL                 ; ModelSim-Altera (SystemVerilog) ; <None>        ; --             ; --             ;
; MAX_CORE_JUNCTION_TEMP              ; 85                              ; --            ; --             ; --             ;
; MIN_CORE_JUNCTION_TEMP              ; 0                               ; --            ; --             ; --             ;
; NOMINAL_CORE_SUPPLY_VOLTAGE         ; 1.2V                            ; --            ; --             ; --             ;
; PARTITION_COLOR                     ; 16764057                        ; --            ; core_flattened ; Top            ;
; PARTITION_FITTER_PRESERVATION_LEVEL ; PLACEMENT_AND_ROUTING           ; --            ; core_flattened ; Top            ;
; PARTITION_NETLIST_TYPE              ; SOURCE                          ; --            ; core_flattened ; Top            ;
; PROJECT_OUTPUT_DIRECTORY            ; output_files                    ; --            ; --             ; --             ;
; TOP_LEVEL_ENTITY                    ; core_flattened                  ; miner_tb      ; --             ; --             ;
+-------------------------------------+---------------------------------+---------------+----------------+----------------+


+-------------------------------------------------------------------------------------------------------------------------------+
; Flow Elapsed Time                                                                                                             ;
+---------------------------+--------------+-------------------------+---------------------+------------------------------------+
; Module Name               ; Elapsed Time ; Average Processors Used ; Peak Virtual Memory ; Total CPU Time (on all processors) ;
+---------------------------+--------------+-------------------------+---------------------+------------------------------------+
; Analysis & Synthesis      ; 00:00:29     ; 1.0                     ; 622 MB              ; 00:00:26                           ;
; Fitter                    ; 00:21:12     ; 1.0                     ; 970 MB              ; 00:20:11                           ;
; Assembler                 ; 00:00:04     ; 1.0                     ; 505 MB              ; 00:00:03                           ;
; TimeQuest Timing Analyzer ; 00:00:36     ; 1.0                     ; 757 MB              ; 00:00:33                           ;
; EDA Netlist Writer        ; 00:00:09     ; 1.0                     ; 505 MB              ; 00:00:08                           ;
; Total                     ; 00:22:30     ; --                      ; --                  ; 00:21:21                           ;
+---------------------------+--------------+-------------------------+---------------------+------------------------------------+


+----------------------------------------------------------------------------------------+
; Flow OS Summary                                                                        ;
+---------------------------+------------------+-----------+------------+----------------+
; Module Name               ; Machine Hostname ; OS Name   ; OS Version ; Processor type ;
+---------------------------+------------------+-----------+------------+----------------+
; Analysis & Synthesis      ; Rustin-PC        ; Windows 7 ; 6.1        ; x86_64         ;
; Fitter                    ; Rustin-PC        ; Windows 7 ; 6.1        ; x86_64         ;
; Assembler                 ; Rustin-PC        ; Windows 7 ; 6.1        ; x86_64         ;
; TimeQuest Timing Analyzer ; Rustin-PC        ; Windows 7 ; 6.1        ; x86_64         ;
; EDA Netlist Writer        ; Rustin-PC        ; Windows 7 ; 6.1        ; x86_64         ;
+---------------------------+------------------+-----------+------------+----------------+


------------
; Flow Log ;
------------
quartus_map --read_settings_files=on --write_settings_files=off miner_tb -c miner_tb
quartus_fit --read_settings_files=off --write_settings_files=off miner_tb -c miner_tb
quartus_asm --read_settings_files=off --write_settings_files=off miner_tb -c miner_tb
quartus_sta miner_tb -c miner_tb
quartus_eda --read_settings_files=off --write_settings_files=off miner_tb -c miner_tb



